Using pre-set license
Built from '2020.2/release' branch; Version is '2020.2.1f1 (270dd8c3da1c) revision 2559448'; Using compiler version '192528614'; Build Type 'Release'
OS: 'Windows 10  (10.0.0) 64bit' Language: 'en' Physical Memory: 16269 MB
BatchMode: 1, IsHumanControllingUs: 0, StartBugReporterOnCrash: 0, Is64bit: 1, IsPro: 0

 COMMAND LINE ARGUMENTS:
C:\Program Files\Unity\Hub\Editor\2020.2.1f1\Editor\Unity.exe
-adb2
-batchMode
-noUpm
-name
AssetImportWorker0
-projectPath
D:/GitVoid/Cowtime/Cowoclock
-logFile
Logs/AssetImportWorker0.log
-srvPort
54293
Successfully changed project path to: D:/GitVoid/Cowtime/Cowoclock
D:/GitVoid/Cowtime/Cowoclock
Using Asset Import Pipeline V2.
Refreshing native plugins compatible for Editor in 69.40 ms, found 2 plugins.
Preloading 0 native plugins for Editor in 0.00 ms.
Initialize engine version: 2020.2.1f1 (270dd8c3da1c)
[Subsystems] Discovering subsystems at path C:/Program Files/Unity/Hub/Editor/2020.2.1f1/Editor/Data/Resources/UnitySubsystems
[Subsystems] Discovering subsystems at path D:/GitVoid/Cowtime/Cowoclock/Assets
GfxDevice: creating device client; threaded=0
Direct3D:
    Version:  Direct3D 11.0 [level 11.1]
    Renderer: NVIDIA GeForce GTX 1060 (ID=0x1c20)
    Vendor:   
    VRAM:     6052 MB
    Driver:   27.21.14.6109
Initialize mono
Mono path[0] = 'C:/Program Files/Unity/Hub/Editor/2020.2.1f1/Editor/Data/Managed'
Mono path[1] = 'C:/Program Files/Unity/Hub/Editor/2020.2.1f1/Editor/Data/MonoBleedingEdge/lib/mono/unityjit'
Mono config path = 'C:/Program Files/Unity/Hub/Editor/2020.2.1f1/Editor/Data/MonoBleedingEdge/etc'
Using monoOptions --debugger-agent=transport=dt_socket,embedding=1,server=y,suspend=n,address=127.0.0.1:56080
Begin MonoManager ReloadAssembly
Registering precompiled unity dll's ...
Register platform support module: C:/Program Files/Unity/Hub/Editor/2020.2.1f1/Editor/Data/PlaybackEngines/WindowsStandaloneSupport/UnityEditor.WindowsStandalone.Extensions.dll
Registered in 0.002228 seconds.
Native extension for WindowsStandalone target not found
Refreshing native plugins compatible for Editor in 90.20 ms, found 2 plugins.
Preloading 0 native plugins for Editor in 0.00 ms.
Invoked RoslynAnalysisRunner static constructor.
RoslynAnalysisRunner will not be running.
RoslynAnalysisRunner has terminated.
Mono: successfully reloaded assembly
- Completed reload, in  1.450 seconds
Platform modules already initialized, skipping
Registering precompiled user dll's ...
Registered in 0.005611 seconds.
Begin MonoManager ReloadAssembly
Native extension for WindowsStandalone target not found
Refreshing native plugins compatible for Editor in 43.93 ms, found 2 plugins.
Preloading 0 native plugins for Editor in 0.00 ms.
Invoked RoslynAnalysisRunner static constructor.
RoslynAnalysisRunner will not be running.
RoslynAnalysisRunner has terminated.
Mono: successfully reloaded assembly
- Completed reload, in  1.262 seconds
Platform modules already initialized, skipping
========================================================================
Worker process is ready to serve import requests
Launched and connected shader compiler UnityShaderCompiler.exe after 0.04 seconds
Refreshing native plugins compatible for Editor in 0.69 ms, found 2 plugins.
Preloading 0 native plugins for Editor in 0.00 ms.
Unloading 1787 Unused Serialized files (Serialized files now loaded: 0)
System memory in use before: 84.1 MB.
System memory in use after: 84.2 MB.

Unloading 35 unused Assets to reduce memory usage. Loaded Objects now: 2250.
Total: 2.757400 ms (FindLiveObjects: 0.208300 ms CreateObjectMapping: 0.161700 ms MarkObjects: 2.301600 ms  DeleteObjects: 0.084500 ms)

========================================================================
Received Import Request.
  path: Assets/Graphic_Assets
  artifactKey: Guid(6d6702394c9f791458f495236cb951fb) Importer(815301076,1909f56bfc062723c751e8b465ee728b)
Start importing Assets/Graphic_Assets using Guid(6d6702394c9f791458f495236cb951fb) Importer(815301076,1909f56bfc062723c751e8b465ee728b)  -> (artifact id: '7e22c2e0c3e5ff3847b577b61f94e054') in 0.009221 seconds
  Import took 0.012418 seconds .

========================================================================
Received Import Request.
  Time since last request: 19.553474 seconds.
  path: Assets/Graphic_Assets/BEAM_PH.png
  artifactKey: Guid(a30d9c4464eecef4a9b28c6cec2ff132) Importer(815301076,1909f56bfc062723c751e8b465ee728b)
Start importing Assets/Graphic_Assets/BEAM_PH.png using Guid(a30d9c4464eecef4a9b28c6cec2ff132) Importer(815301076,1909f56bfc062723c751e8b465ee728b)  -> (artifact id: '35c0010f2e612069be42d8a7400a56c0') in 0.198363 seconds
  Import took 0.204798 seconds .

========================================================================
Received Import Request.
  Time since last request: 0.000362 seconds.
  path: Assets/Graphic_Assets/DAMAGE_PH.png
  artifactKey: Guid(8300cbd097c445743a5a45b1ad28851e) Importer(815301076,1909f56bfc062723c751e8b465ee728b)
Start importing Assets/Graphic_Assets/DAMAGE_PH.png using Guid(8300cbd097c445743a5a45b1ad28851e) Importer(815301076,1909f56bfc062723c751e8b465ee728b)  -> (artifact id: '7d3f39372e520d5513c4a7f36e66ccf5') in 0.032180 seconds
  Import took 0.040494 seconds .

========================================================================
Received Import Request.
  Time since last request: 0.000440 seconds.
  path: Assets/Graphic_Assets/COW_PH.png
  artifactKey: Guid(9de9407e0836bfe42a0b86f9f76ac2ad) Importer(815301076,1909f56bfc062723c751e8b465ee728b)
Start importing Assets/Graphic_Assets/COW_PH.png using Guid(9de9407e0836bfe42a0b86f9f76ac2ad) Importer(815301076,1909f56bfc062723c751e8b465ee728b)  -> (artifact id: 'ce66134b95ae5f1c7889a5eb1b892b5a') in 0.025935 seconds
  Import took 0.031886 seconds .

========================================================================
Received Import Request.
  Time since last request: 0.000302 seconds.
  path: Assets/Graphic_Assets/UFO_PH.png
  artifactKey: Guid(66d221829d5286f43a0f83471c71aa86) Importer(815301076,1909f56bfc062723c751e8b465ee728b)
Start importing Assets/Graphic_Assets/UFO_PH.png using Guid(66d221829d5286f43a0f83471c71aa86) Importer(815301076,1909f56bfc062723c751e8b465ee728b)  -> (artifact id: '68e993572e319a8ac8288cd4af022ceb') in 0.030364 seconds
  Import took 0.035686 seconds .

========================================================================
Received Import Request.
  Time since last request: 0.000266 seconds.
  path: Assets/Graphic_Assets/HORNS_PH.png
  artifactKey: Guid(399f59a47189b6c40813d7e4aa07fb45) Importer(815301076,1909f56bfc062723c751e8b465ee728b)
Start importing Assets/Graphic_Assets/HORNS_PH.png using Guid(399f59a47189b6c40813d7e4aa07fb45) Importer(815301076,1909f56bfc062723c751e8b465ee728b)  -> (artifact id: '8b9e48d9563654be0b1e8f3e1906bff9') in 0.031055 seconds
  Import took 0.036066 seconds .

========================================================================
Received Import Request.
  Time since last request: 0.005935 seconds.
  path: Assets/Graphic_Assets/HORNS_PH.png
  artifactKey: Guid(399f59a47189b6c40813d7e4aa07fb45) Importer(815301076,1909f56bfc062723c751e8b465ee728b)
Start importing Assets/Graphic_Assets/HORNS_PH.png using Guid(399f59a47189b6c40813d7e4aa07fb45) Importer(815301076,1909f56bfc062723c751e8b465ee728b)  -> (artifact id: '8b9e48d9563654be0b1e8f3e1906bff9') in 0.017317 seconds
  Import took 0.022163 seconds .

AssetImportWorkerClient::OnTransportError - code=2 error=End of file
