Using pre-set license
Built from '2020.2/release' branch; Version is '2020.2.1f1 (270dd8c3da1c) revision 2559448'; Using compiler version '192528614'; Build Type 'Release'
OS: 'Windows 10  (10.0.0) 64bit' Language: 'en' Physical Memory: 16306 MB
BatchMode: 1, IsHumanControllingUs: 0, StartBugReporterOnCrash: 0, Is64bit: 1, IsPro: 0

 COMMAND LINE ARGUMENTS:
C:\Program Files\Unity\Hub\Editor\2020.2.1f1\Editor\Unity.exe
-adb2
-batchMode
-noUpm
-name
AssetImportWorker0
-projectPath
C:/Users/Levi Taillefer/Desktop/Cowtime/Cowtime/Cowoclock
-logFile
Logs/AssetImportWorker0.log
-srvPort
52831
Successfully changed project path to: C:/Users/Levi Taillefer/Desktop/Cowtime/Cowtime/Cowoclock
C:/Users/Levi Taillefer/Desktop/Cowtime/Cowtime/Cowoclock
Using Asset Import Pipeline V2.
Refreshing native plugins compatible for Editor in 40.89 ms, found 2 plugins.
Preloading 0 native plugins for Editor in 0.00 ms.
Initialize engine version: 2020.2.1f1 (270dd8c3da1c)
[Subsystems] Discovering subsystems at path C:/Program Files/Unity/Hub/Editor/2020.2.1f1/Editor/Data/Resources/UnitySubsystems
[Subsystems] Discovering subsystems at path C:/Users/Levi Taillefer/Desktop/Cowtime/Cowtime/Cowoclock/Assets
GfxDevice: creating device client; threaded=0
Direct3D:
    Version:  Direct3D 11.0 [level 11.1]
    Renderer: NVIDIA GeForce GTX 1070 (ID=0x1be1)
    Vendor:   
    VRAM:     8081 MB
    Driver:   27.21.14.5167
Initialize mono
Mono path[0] = 'C:/Program Files/Unity/Hub/Editor/2020.2.1f1/Editor/Data/Managed'
Mono path[1] = 'C:/Program Files/Unity/Hub/Editor/2020.2.1f1/Editor/Data/MonoBleedingEdge/lib/mono/unityjit'
Mono config path = 'C:/Program Files/Unity/Hub/Editor/2020.2.1f1/Editor/Data/MonoBleedingEdge/etc'
Using monoOptions --debugger-agent=transport=dt_socket,embedding=1,server=y,suspend=n,address=127.0.0.1:56656
Begin MonoManager ReloadAssembly
Registering precompiled unity dll's ...
Register platform support module: C:/Program Files/Unity/Hub/Editor/2020.2.1f1/Editor/Data/PlaybackEngines/WindowsStandaloneSupport/UnityEditor.WindowsStandalone.Extensions.dll
Registered in 0.002250 seconds.
Native extension for WindowsStandalone target not found
Refreshing native plugins compatible for Editor in 49.95 ms, found 2 plugins.
Preloading 0 native plugins for Editor in 0.00 ms.
Invoked RoslynAnalysisRunner static constructor.
RoslynAnalysisRunner will not be running.
RoslynAnalysisRunner has terminated.
Mono: successfully reloaded assembly
- Completed reload, in  1.260 seconds
Platform modules already initialized, skipping
Registering precompiled user dll's ...
Registered in 0.009037 seconds.
Begin MonoManager ReloadAssembly
Native extension for WindowsStandalone target not found
Refreshing native plugins compatible for Editor in 58.00 ms, found 2 plugins.
Preloading 0 native plugins for Editor in 0.00 ms.
Invoked RoslynAnalysisRunner static constructor.
RoslynAnalysisRunner will not be running.
RoslynAnalysisRunner has terminated.
Mono: successfully reloaded assembly
- Completed reload, in  1.228 seconds
Platform modules already initialized, skipping
========================================================================
Worker process is ready to serve import requests
Launched and connected shader compiler UnityShaderCompiler.exe after 0.04 seconds
Refreshing native plugins compatible for Editor in 0.44 ms, found 2 plugins.
Preloading 0 native plugins for Editor in 0.00 ms.
Unloading 1790 Unused Serialized files (Serialized files now loaded: 0)
System memory in use before: 84.2 MB.
System memory in use after: 84.3 MB.

Unloading 35 unused Assets to reduce memory usage. Loaded Objects now: 2253.
Total: 2.884900 ms (FindLiveObjects: 0.302400 ms CreateObjectMapping: 0.105400 ms MarkObjects: 2.391900 ms  DeleteObjects: 0.084100 ms)

========================================================================
Received Import Request.
  path: Assets/test2.cs
  artifactKey: Guid(d21fc0eb6f08e464c801895d0e11d677) Importer(815301076,1909f56bfc062723c751e8b465ee728b)
Start importing Assets/test2.cs using Guid(d21fc0eb6f08e464c801895d0e11d677) Importer(815301076,1909f56bfc062723c751e8b465ee728b)  -> (artifact id: '0336549566b9f126b8e54fc26c94d1af') in 0.038181 seconds
  Import took 0.041158 seconds .

========================================================================
Received Import Request.
  Time since last request: 0.013174 seconds.
  path: Assets/test2.cs
  artifactKey: Guid(d21fc0eb6f08e464c801895d0e11d677) Importer(815301076,1909f56bfc062723c751e8b465ee728b)
Start importing Assets/test2.cs using Guid(d21fc0eb6f08e464c801895d0e11d677) Importer(815301076,1909f56bfc062723c751e8b465ee728b)  -> (artifact id: '0336549566b9f126b8e54fc26c94d1af') in 0.002047 seconds
  Import took 0.004831 seconds .

AssetImportWorkerClient::OnTransportError - code=2 error=End of file
